<?xml version="1.0" encoding="UTF-8"?>
<!-- Generated by org.testng.reporters.JUnitReportReporter -->
<testsuite hostname="L-DEL-DELL1" name="com.test.EdurekaSelenium.FirstTestNG" tests="3" failures="0" timestamp="25 Oct 2019 18:41:37 GMT" time="33.932" errors="0">
  <testcase name="test_recalcularcorte" time="14.120" classname="com.test.EdurekaSelenium.FirstTestNG"/>
  <testcase name="test_recibirCorte" time="8.729" classname="com.test.EdurekaSelenium.FirstTestNG"/>
  <testcase name="test_realizarCierre" time="11.083" classname="com.test.EdurekaSelenium.FirstTestNG"/>
</testsuite> <!-- com.test.EdurekaSelenium.FirstTestNG -->
