<?xml version="1.0" encoding="UTF-8"?>
<!-- Generated by org.testng.reporters.JUnitReportReporter -->
<testsuite hostname="L-DEL-DELL1" name="com.test.EdurekaSelenium.FirstTestNG" tests="1" failures="0" timestamp="4 Oct 2019 21:30:18 GMT" time="5.606" errors="0">
  <testcase name="test_recalcularcorte" time="5.606" classname="com.test.EdurekaSelenium.FirstTestNG"/>
</testsuite> <!-- com.test.EdurekaSelenium.FirstTestNG -->
