<?xml version="1.0" encoding="UTF-8"?>
<!-- Generated by org.testng.reporters.JUnitReportReporter -->
<testsuite hostname="L-DEL-DELL1" name="com.test.EdurekaSelenium.FirstTestNG" tests="3" failures="0" timestamp="16 Oct 2019 21:51:43 GMT" time="19.370" errors="0">
  <testcase name="test_recalcularcorte" time="9.660" classname="com.test.EdurekaSelenium.FirstTestNG"/>
  <testcase name="test_realizarCierre" time="5.912" classname="com.test.EdurekaSelenium.FirstTestNG"/>
  <testcase name="test_recibirCorte" time="3.798" classname="com.test.EdurekaSelenium.FirstTestNG"/>
</testsuite> <!-- com.test.EdurekaSelenium.FirstTestNG -->
